\BOOKMARK [1][-]{section.1}{Introduction}{}% 1
\BOOKMARK [2][-]{subsection.1.1}{Related Work}{section.1}% 2
\BOOKMARK [1][-]{section.2}{Performance}{}% 3
\BOOKMARK [2][-]{subsection.2.1}{Optimizations}{section.2}% 4
\BOOKMARK [2][-]{subsection.2.2}{Principles}{section.2}% 5
\BOOKMARK [2][-]{subsection.2.3}{Data structures}{section.2}% 6
\BOOKMARK [3][-]{subsubsection.2.3.1}{Element-wise}{subsection.2.3}% 7
\BOOKMARK [3][-]{subsubsection.2.3.2}{Variant-wise}{subsection.2.3}% 8
\BOOKMARK [1][-]{section.3}{Interface}{}% 9
\BOOKMARK [2][-]{subsection.3.1}{Storage}{section.3}% 10
\BOOKMARK [3][-]{subsubsection.3.1.1}{Entity-Component-System}{subsection.3.1}% 11
\BOOKMARK [3][-]{subsubsection.3.1.2}{Algebraic Data Type}{subsection.3.1}% 12
\BOOKMARK [2][-]{subsection.3.2}{Type-level programming}{section.3}% 13
\BOOKMARK [3][-]{subsubsection.3.2.1}{Kinds}{subsection.3.2}% 14
\BOOKMARK [3][-]{subsubsection.3.2.2}{Type Family}{subsection.3.2}% 15
\BOOKMARK [3][-]{subsubsection.3.2.3}{Compact Variant}{subsection.3.2}% 16
\BOOKMARK [2][-]{subsection.3.3}{Datatype generic programming}{section.3}% 17
\BOOKMARK [1][-]{section.4}{Implementation}{}% 18
\BOOKMARK [1][-]{section.5}{Future work}{}% 19
\BOOKMARK [1][-]{section.6}{Conclusion}{}% 20
\BOOKMARK [1][-]{section.7}{Extra}{}% 21
